\BOOKMARK [0][-]{section*.4}{List of Tables}{}% 1
\BOOKMARK [0][-]{section*.5}{List of Figures}{}% 2
\BOOKMARK [0][-]{chapter.1}{Introduction}{}% 3
\BOOKMARK [1][-]{section.1.1}{Goals}{chapter.1}% 4
\BOOKMARK [2][-]{subsection.1.1.1}{Limitations \046 Scope}{section.1.1}% 5
\BOOKMARK [1][-]{section.1.2}{Scope of Project}{chapter.1}% 6
\BOOKMARK [2][-]{subsection.1.2.1}{Other applications/usefulness?}{section.1.2}% 7
\BOOKMARK [0][-]{chapter.2}{Background \046 Research}{}% 8
\BOOKMARK [1][-]{section.2.1}{Boxing Background}{chapter.2}% 9
\BOOKMARK [2][-]{subsection.2.1.1}{Motivation}{section.2.1}% 10
\BOOKMARK [1][-]{section.2.2}{Boxing Technique}{chapter.2}% 11
\BOOKMARK [2][-]{subsection.2.2.1}{Stance}{section.2.2}% 12
\BOOKMARK [2][-]{subsection.2.2.2}{Punches}{section.2.2}% 13
\BOOKMARK [1][-]{section.2.3}{Kinect}{chapter.2}% 14
\BOOKMARK [2][-]{subsection.2.3.1}{Skeleton \046 Joint Tracking}{section.2.3}% 15
\BOOKMARK [1][-]{section.2.4}{Literature Review}{chapter.2}% 16
\BOOKMARK [1][-]{section.2.5}{Existing Products}{chapter.2}% 17
\BOOKMARK [1][-]{section.2.6}{Dimensionality}{chapter.2}% 18
\BOOKMARK [2][-]{subsection.2.6.1}{Dimensionality Reduction}{section.2.6}% 19
\BOOKMARK [2][-]{subsection.2.6.2}{Principal Component Analysis \(PCA\)}{section.2.6}% 20
\BOOKMARK [1][-]{section.2.7}{Manifold Learning}{chapter.2}% 21
\BOOKMARK [2][-]{subsection.2.7.1}{Diffusion Maps}{section.2.7}% 22
\BOOKMARK [2][-]{subsection.2.7.2}{Locally Linear Embedding \(LLE\)}{section.2.7}% 23
\BOOKMARK [2][-]{subsection.2.7.3}{Laplacian Eigenmaps}{section.2.7}% 24
\BOOKMARK [2][-]{subsection.2.7.4}{Local Tangent Space Alignment \(LTSA\)}{section.2.7}% 25
\BOOKMARK [2][-]{subsection.2.7.5}{Curvilinear Component Analysis \(CCA\)}{section.2.7}% 26
\BOOKMARK [1][-]{section.2.8}{Segmentation Methods}{chapter.2}% 27
\BOOKMARK [2][-]{subsection.2.8.1}{Dynamic Time Warping \(DTW\)}{section.2.8}% 28
\BOOKMARK [2][-]{subsection.2.8.2}{Fourier Transformation \(FT\)}{section.2.8}% 29
\BOOKMARK [1][-]{section.2.9}{Classification Methods}{chapter.2}% 30
\BOOKMARK [2][-]{subsection.2.9.1}{Support Vector Machines}{section.2.9}% 31
\BOOKMARK [2][-]{subsection.2.9.2}{Neural Networks}{section.2.9}% 32
\BOOKMARK [2][-]{subsection.2.9.3}{Decision Trees \046 Random Forest}{section.2.9}% 33
\BOOKMARK [1][-]{section.2.10}{Punch Quality Algorithm}{chapter.2}% 34
\BOOKMARK [0][-]{chapter.3}{Design}{}% 35
\BOOKMARK [0][-]{chapter.4}{Implementation}{}% 36
\BOOKMARK [1][-]{section.4.1}{Comparison Methods}{chapter.4}% 37
\BOOKMARK [2][-]{subsection.4.1.1}{Comparison Methods}{section.4.1}% 38
\BOOKMARK [2][-]{subsection.4.1.2}{Punch Segmentation Algorithm}{section.4.1}% 39
\BOOKMARK [0][-]{chapter.5}{Results, Conclusions, and future work}{}% 40
\BOOKMARK [1][-]{section.5.1}{Section}{chapter.5}% 41
\BOOKMARK [2][-]{subsection.5.1.1}{Subsection}{section.5.1}% 42
\BOOKMARK [0][-]{appendix.A}{Appendix A}{}% 43
\BOOKMARK [0][-]{section*.24}{Bibliography}{}% 44
