This is pdfTeX, Version 3.1415926-2.4-1.40.13 (MiKTeX 2.9 64-bit) (preloaded format=pdflatex 2014.4.11)  12 MAY 2014 08:30
entering extended mode
**C:/Users/liam/Desktop/KINECT/kbox/Latex/poster/dreuw07-interspeech.tex
(C:/Users/liam/Desktop/KINECT/kbox/Latex/poster/dreuw07-interspeech.tex
LaTeX2e <2011/06/27>
Babel <v3.8m> and hyphenation patterns for english, afrikaans, ancientgreek, ar
abic, armenian, assamese, basque, bengali, bokmal, bulgarian, catalan, coptic, 
croatian, czech, danish, dutch, esperanto, estonian, farsi, finnish, french, ga
lician, german, german-x-2012-05-30, greek, gujarati, hindi, hungarian, iceland
ic, indonesian, interlingua, irish, italian, kannada, kurmanji, latin, latvian,
 lithuanian, malayalam, marathi, mongolian, mongolianlmc, monogreek, ngerman, n
german-x-2012-05-30, nynorsk, oriya, panjabi, pinyin, polish, portuguese, roman
ian, russian, sanskrit, serbian, slovak, slovenian, spanish, swedish, swissgerm
an, tamil, telugu, turkish, turkmen, ukenglish, ukrainian, uppersorbian, usengl
ishmax, welsh, loaded.
("C:\Program Files\MiKTeX 2.9\tex\latex\beamer\base\beamer.cls" ("C:\Program Fi
les\MiKTeX 2.9\tex\latex\beamer\base\beamerbasercs.sty"
Package: beamerbasercs 2013/01/04 (rcs-revision 9a97a4eee358)
)
Document Class: beamer 2013/01/04 3.26 A class for typesetting presentations (r
cs-revision e81e0c94bcc6)
("C:\Program Files\MiKTeX 2.9\tex\latex\beamer\base\beamerbasemodes.sty"
Package: beamerbasemodes 2012/04/15 (rcs-revision cc6557182d97)
\beamer@tempbox=\box26
\beamer@tempcount=\count79
\c@beamerpauses=\count80
("C:\Program Files\MiKTeX 2.9\tex\latex\beamer\base\beamerbasedecode.sty"
Package: beamerbasedecode 2010/05/01 (rcs-revision efa082c6111d)
\beamer@slideinframe=\count81
\beamer@minimum=\count82
)
\beamer@commentbox=\box27
\beamer@modecount=\count83
) ("C:\Program Files\MiKTeX 2.9\tex\generic\oberdiek\ifpdf.sty"
Package: ifpdf 2011/01/30 v2.3 Provides the ifpdf switch (HO)
Package ifpdf Info: pdfTeX in PDF mode is detected.
)
\headheight=\dimen102
\headdp=\dimen103
\footheight=\dimen104
\sidebarheight=\dimen105
\beamer@tempdim=\dimen106
\beamer@finalheight=\dimen107
\beamer@animht=\dimen108
\beamer@animdp=\dimen109
\beamer@animwd=\dimen110
\beamer@leftmargin=\dimen111
\beamer@rightmargin=\dimen112
\beamer@leftsidebar=\dimen113
\beamer@rightsidebar=\dimen114
\beamer@boxsize=\dimen115
\beamer@vboxoffset=\dimen116
\beamer@descdefault=\dimen117
\beamer@descriptionwidth=\dimen118
\beamer@lastskip=\skip41
\beamer@areabox=\box28
\beamer@animcurrent=\box29
\beamer@animshowbox=\box30
\beamer@sectionbox=\box31
\beamer@logobox=\box32
\beamer@linebox=\box33
\beamer@sectioncount=\count84
\beamer@subsubsectionmax=\count85
\beamer@subsectionmax=\count86
\beamer@sectionmax=\count87
\beamer@totalheads=\count88
\beamer@headcounter=\count89
\beamer@partstartpage=\count90
\beamer@sectionstartpage=\count91
\beamer@subsectionstartpage=\count92
\beamer@animationtempa=\count93
\beamer@animationtempb=\count94
\beamer@xpos=\count95
\beamer@ypos=\count96
\beamer@showpartnumber=\count97
\beamer@currentsubsection=\count98
\beamer@coveringdepth=\count99
\beamer@sectionadjust=\count100
\beamer@tocsectionnumber=\count101
("C:\Program Files\MiKTeX 2.9\tex\latex\beamer\base\beamerbaseoptions.sty"
Package: beamerbaseoptions 2010/04/27 (rcs-revision 982469101dd6)
("C:\Program Files\MiKTeX 2.9\tex\latex\graphics\keyval.sty"
Package: keyval 1999/03/16 v1.13 key=value parser (DPC)
\KV@toks@=\toks14
))
\beamer@paperwidth=\skip42
\beamer@paperheight=\skip43
("C:\Program Files\MiKTeX 2.9\tex\latex\geometry\geometry.sty"
Package: geometry 2010/09/12 v5.6 Page Geometry
("C:\Program Files\MiKTeX 2.9\tex\generic\oberdiek\ifvtex.sty"
Package: ifvtex 2010/03/01 v1.5 Detect VTeX and its facilities (HO)
Package ifvtex Info: VTeX not detected.
) ("C:\Program Files\MiKTeX 2.9\tex\generic\ifxetex\ifxetex.sty"
Package: ifxetex 2010/09/12 v0.6 Provides ifxetex conditional
)
\Gm@cnth=\count102
\Gm@cntv=\count103
\c@Gm@tempcnt=\count104
\Gm@bindingoffset=\dimen119
\Gm@wd@mp=\dimen120
\Gm@odd@mp=\dimen121
\Gm@even@mp=\dimen122
\Gm@layoutwidth=\dimen123
\Gm@layoutheight=\dimen124
\Gm@layouthoffset=\dimen125
\Gm@layoutvoffset=\dimen126
\Gm@dimlist=\toks15
("C:\Program Files\MiKTeX 2.9\tex\latex\geometry\geometry.cfg")) ("C:\Program F
iles\MiKTeX 2.9\tex\latex\base\size11.clo"
File: size11.clo 2007/10/19 v1.4h Standard LaTeX file (size option)
) ("C:\Program Files\MiKTeX 2.9\tex\latex\pgf\basiclayer\pgfcore.sty" ("C:\Prog
ram Files\MiKTeX 2.9\tex\latex\graphics\graphicx.sty"
Package: graphicx 1999/02/16 v1.0f Enhanced LaTeX Graphics (DPC,SPQR)
("C:\Program Files\MiKTeX 2.9\tex\latex\graphics\graphics.sty"
Package: graphics 2009/02/05 v1.0o Standard LaTeX Graphics (DPC,SPQR)
("C:\Program Files\MiKTeX 2.9\tex\latex\graphics\trig.sty"
Package: trig 1999/03/16 v1.09 sin cos tan (DPC)
) ("C:\Program Files\MiKTeX 2.9\tex\latex\00miktex\graphics.cfg"
File: graphics.cfg 2007/01/18 v1.5 graphics configuration of teTeX/TeXLive
)
Package graphics Info: Driver file: pdftex.def on input line 91.
("C:\Program Files\MiKTeX 2.9\tex\latex\pdftex-def\pdftex.def"
File: pdftex.def 2011/05/27 v0.06d Graphics/color for pdfTeX
("C:\Program Files\MiKTeX 2.9\tex\generic\oberdiek\infwarerr.sty"
Package: infwarerr 2010/04/08 v1.3 Providing info/warning/error messages (HO)
) ("C:\Program Files\MiKTeX 2.9\tex\generic\oberdiek\ltxcmds.sty"
Package: ltxcmds 2011/11/09 v1.22 LaTeX kernel commands for general use (HO)
)
\Gread@gobject=\count105
))
\Gin@req@height=\dimen127
\Gin@req@width=\dimen128
) ("C:\Program Files\MiKTeX 2.9\tex\latex\pgf\systemlayer\pgfsys.sty" ("C:\Prog
ram Files\MiKTeX 2.9\tex\latex\pgf\utilities\pgfrcs.sty" ("C:\Program Files\MiK
TeX 2.9\tex\generic\pgf\utilities\pgfutil-common.tex"
\pgfutil@everybye=\toks16
) ("C:\Program Files\MiKTeX 2.9\tex\generic\pgf\utilities\pgfutil-latex.def"
\pgfutil@abb=\box34
("C:\Program Files\MiKTeX 2.9\tex\latex\ms\everyshi.sty"
Package: everyshi 2001/05/15 v3.00 EveryShipout Package (MS)
)) ("C:\Program Files\MiKTeX 2.9\tex\generic\pgf\utilities\pgfrcs.code.tex"
Package: pgfrcs 2010/10/25 v2.10 (rcs-revision 1.24)
)) ("C:\Program Files\MiKTeX 2.9\tex\generic\pgf\systemlayer\pgfsys.code.tex"
Package: pgfsys 2010/06/30 v2.10 (rcs-revision 1.37)
("C:\Program Files\MiKTeX 2.9\tex\generic\pgf\utilities\pgfkeys.code.tex"
\pgfkeys@pathtoks=\toks17
\pgfkeys@temptoks=\toks18

("C:\Program Files\MiKTeX 2.9\tex\generic\pgf\utilities\pgfkeysfiltered.code.te
x"
\pgfkeys@tmptoks=\toks19
))
\pgf@x=\dimen129
\pgf@y=\dimen130
\pgf@xa=\dimen131
\pgf@ya=\dimen132
\pgf@xb=\dimen133
\pgf@yb=\dimen134
\pgf@xc=\dimen135
\pgf@yc=\dimen136
\w@pgf@writea=\write3
\r@pgf@reada=\read1
\c@pgf@counta=\count106
\c@pgf@countb=\count107
\c@pgf@countc=\count108
\c@pgf@countd=\count109
("C:\Program Files\MiKTeX 2.9\tex\generic\pgf\systemlayer\pgf.cfg"
File: pgf.cfg 2008/05/14  (rcs-revision 1.7)
)
Package pgfsys Info: Driver file for pgf: pgfsys-pdftex.def on input line 900.
("C:\Program Files\MiKTeX 2.9\tex\generic\pgf\systemlayer\pgfsys-pdftex.def"
File: pgfsys-pdftex.def 2009/05/22  (rcs-revision 1.26)
("C:\Program Files\MiKTeX 2.9\tex\generic\pgf\systemlayer\pgfsys-common-pdf.def
"
File: pgfsys-common-pdf.def 2008/05/19  (rcs-revision 1.10)
)))
("C:\Program Files\MiKTeX 2.9\tex\generic\pgf\systemlayer\pgfsyssoftpath.code.t
ex"
File: pgfsyssoftpath.code.tex 2008/07/18  (rcs-revision 1.7)
\pgfsyssoftpath@smallbuffer@items=\count110
\pgfsyssoftpath@bigbuffer@items=\count111
)
("C:\Program Files\MiKTeX 2.9\tex\generic\pgf\systemlayer\pgfsysprotocol.code.t
ex"
File: pgfsysprotocol.code.tex 2006/10/16  (rcs-revision 1.4)
)) ("C:\Program Files\MiKTeX 2.9\tex\latex\xcolor\xcolor.sty"
Package: xcolor 2007/01/21 v2.11 LaTeX color extensions (UK)
("C:\Program Files\MiKTeX 2.9\tex\latex\00miktex\color.cfg"
File: color.cfg 2007/01/18 v1.5 color configuration of teTeX/TeXLive
)
Package xcolor Info: Driver file: pdftex.def on input line 225.
Package xcolor Info: Model `cmy' substituted by `cmy0' on input line 1337.
Package xcolor Info: Model `hsb' substituted by `rgb' on input line 1341.
Package xcolor Info: Model `RGB' extended on input line 1353.
Package xcolor Info: Model `HTML' substituted by `rgb' on input line 1355.
Package xcolor Info: Model `Hsb' substituted by `hsb' on input line 1356.
Package xcolor Info: Model `tHsb' substituted by `hsb' on input line 1357.
Package xcolor Info: Model `HSB' substituted by `hsb' on input line 1358.
Package xcolor Info: Model `Gray' substituted by `gray' on input line 1359.
Package xcolor Info: Model `wave' substituted by `hsb' on input line 1360.
) ("C:\Program Files\MiKTeX 2.9\tex\generic\pgf\basiclayer\pgfcore.code.tex"
Package: pgfcore 2010/04/11 v2.10 (rcs-revision 1.7)
("C:\Program Files\MiKTeX 2.9\tex\generic\pgf\math\pgfmath.code.tex" ("C:\Progr
am Files\MiKTeX 2.9\tex\generic\pgf\math\pgfmathcalc.code.tex" ("C:\Program Fil
es\MiKTeX 2.9\tex\generic\pgf\math\pgfmathutil.code.tex") ("C:\Program Files\Mi
KTeX 2.9\tex\generic\pgf\math\pgfmathparser.code.tex"
\pgfmath@dimen=\dimen137
\pgfmath@count=\count112
\pgfmath@box=\box35
\pgfmath@toks=\toks20
\pgfmath@stack@operand=\toks21
\pgfmath@stack@operation=\toks22
) ("C:\Program Files\MiKTeX 2.9\tex\generic\pgf\math\pgfmathfunctions.code.tex"

("C:\Program Files\MiKTeX 2.9\tex\generic\pgf\math\pgfmathfunctions.basic.code.
tex")
("C:\Program Files\MiKTeX 2.9\tex\generic\pgf\math\pgfmathfunctions.trigonometr
ic.code.tex")
("C:\Program Files\MiKTeX 2.9\tex\generic\pgf\math\pgfmathfunctions.random.code
.tex")
("C:\Program Files\MiKTeX 2.9\tex\generic\pgf\math\pgfmathfunctions.comparison.
code.tex")
("C:\Program Files\MiKTeX 2.9\tex\generic\pgf\math\pgfmathfunctions.base.code.t
ex")
("C:\Program Files\MiKTeX 2.9\tex\generic\pgf\math\pgfmathfunctions.round.code.
tex")
("C:\Program Files\MiKTeX 2.9\tex\generic\pgf\math\pgfmathfunctions.misc.code.t
ex"))) ("C:\Program Files\MiKTeX 2.9\tex\generic\pgf\math\pgfmathfloat.code.tex
"
\c@pgfmathroundto@lastzeros=\count113
)) ("C:\Program Files\MiKTeX 2.9\tex\generic\pgf\basiclayer\pgfcorepoints.code.
tex"
File: pgfcorepoints.code.tex 2010/04/09  (rcs-revision 1.20)
\pgf@picminx=\dimen138
\pgf@picmaxx=\dimen139
\pgf@picminy=\dimen140
\pgf@picmaxy=\dimen141
\pgf@pathminx=\dimen142
\pgf@pathmaxx=\dimen143
\pgf@pathminy=\dimen144
\pgf@pathmaxy=\dimen145
\pgf@xx=\dimen146
\pgf@xy=\dimen147
\pgf@yx=\dimen148
\pgf@yy=\dimen149
\pgf@zx=\dimen150
\pgf@zy=\dimen151
)
("C:\Program Files\MiKTeX 2.9\tex\generic\pgf\basiclayer\pgfcorepathconstruct.c
ode.tex"
File: pgfcorepathconstruct.code.tex 2010/08/03  (rcs-revision 1.24)
\pgf@path@lastx=\dimen152
\pgf@path@lasty=\dimen153
)
("C:\Program Files\MiKTeX 2.9\tex\generic\pgf\basiclayer\pgfcorepathusage.code.
tex"
File: pgfcorepathusage.code.tex 2008/04/22  (rcs-revision 1.12)
\pgf@shorten@end@additional=\dimen154
\pgf@shorten@start@additional=\dimen155
) ("C:\Program Files\MiKTeX 2.9\tex\generic\pgf\basiclayer\pgfcorescopes.code.t
ex"
File: pgfcorescopes.code.tex 2010/09/08  (rcs-revision 1.34)
\pgfpic=\box36
\pgf@hbox=\box37
\pgf@layerbox@main=\box38
\pgf@picture@serial@count=\count114
)
("C:\Program Files\MiKTeX 2.9\tex\generic\pgf\basiclayer\pgfcoregraphicstate.co
de.tex"
File: pgfcoregraphicstate.code.tex 2008/04/22  (rcs-revision 1.9)
\pgflinewidth=\dimen156
)
("C:\Program Files\MiKTeX 2.9\tex\generic\pgf\basiclayer\pgfcoretransformations
.code.tex"
File: pgfcoretransformations.code.tex 2009/06/10  (rcs-revision 1.11)
\pgf@pt@x=\dimen157
\pgf@pt@y=\dimen158
\pgf@pt@temp=\dimen159
) ("C:\Program Files\MiKTeX 2.9\tex\generic\pgf\basiclayer\pgfcorequick.code.te
x"
File: pgfcorequick.code.tex 2008/10/09  (rcs-revision 1.3)
)
("C:\Program Files\MiKTeX 2.9\tex\generic\pgf\basiclayer\pgfcoreobjects.code.te
x"
File: pgfcoreobjects.code.tex 2006/10/11  (rcs-revision 1.2)
)
("C:\Program Files\MiKTeX 2.9\tex\generic\pgf\basiclayer\pgfcorepathprocessing.
code.tex"
File: pgfcorepathprocessing.code.tex 2008/10/09  (rcs-revision 1.8)
) ("C:\Program Files\MiKTeX 2.9\tex\generic\pgf\basiclayer\pgfcorearrows.code.t
ex"
File: pgfcorearrows.code.tex 2008/04/23  (rcs-revision 1.11)
) ("C:\Program Files\MiKTeX 2.9\tex\generic\pgf\basiclayer\pgfcoreshade.code.te
x"
File: pgfcoreshade.code.tex 2008/11/23  (rcs-revision 1.13)
\pgf@max=\dimen160
\pgf@sys@shading@range@num=\count115
) ("C:\Program Files\MiKTeX 2.9\tex\generic\pgf\basiclayer\pgfcoreimage.code.te
x"
File: pgfcoreimage.code.tex 2010/03/25  (rcs-revision 1.16)

("C:\Program Files\MiKTeX 2.9\tex\generic\pgf\basiclayer\pgfcoreexternal.code.t
ex"
File: pgfcoreexternal.code.tex 2010/09/01  (rcs-revision 1.17)
\pgfexternal@startupbox=\box39
)) ("C:\Program Files\MiKTeX 2.9\tex\generic\pgf\basiclayer\pgfcorelayers.code.
tex"
File: pgfcorelayers.code.tex 2010/08/27  (rcs-revision 1.2)
)
("C:\Program Files\MiKTeX 2.9\tex\generic\pgf\basiclayer\pgfcoretransparency.co
de.tex"
File: pgfcoretransparency.code.tex 2008/01/17  (rcs-revision 1.2)
)
("C:\Program Files\MiKTeX 2.9\tex\generic\pgf\basiclayer\pgfcorepatterns.code.t
ex"
File: pgfcorepatterns.code.tex 2009/07/02  (rcs-revision 1.3)
))) ("C:\Program Files\MiKTeX 2.9\tex\latex\pgf\utilities\xxcolor.sty"
Package: xxcolor 2003/10/24 ver 0.1
\XC@nummixins=\count116
\XC@countmixins=\count117
) ("C:\Program Files\MiKTeX 2.9\tex\latex\hyperref\hyperref.sty"
Package: hyperref 2012/11/06 v6.83m Hypertext links for LaTeX
("C:\Program Files\MiKTeX 2.9\tex\generic\oberdiek\hobsub-hyperref.sty"
Package: hobsub-hyperref 2012/04/25 v1.12 Bundle oberdiek, subset hyperref (HO)

("C:\Program Files\MiKTeX 2.9\tex\generic\oberdiek\hobsub-generic.sty"
Package: hobsub-generic 2012/04/25 v1.12 Bundle oberdiek, subset generic (HO)
Package: hobsub 2012/04/25 v1.12 Construct package bundles (HO)
Package hobsub Info: Skipping package `infwarerr' (already loaded).
Package hobsub Info: Skipping package `ltxcmds' (already loaded).
Package: ifluatex 2010/03/01 v1.3 Provides the ifluatex switch (HO)
Package ifluatex Info: LuaTeX not detected.
Package hobsub Info: Skipping package `ifvtex' (already loaded).
Package: intcalc 2007/09/27 v1.1 Expandable calculations with integers (HO)
Package hobsub Info: Skipping package `ifpdf' (already loaded).
Package: etexcmds 2011/02/16 v1.5 Avoid name clashes with e-TeX commands (HO)
Package etexcmds Info: Could not find \expanded.
(etexcmds)             That can mean that you are not using pdfTeX 1.50 or
(etexcmds)             that some package has redefined \expanded.
(etexcmds)             In the latter case, load this package earlier.
Package: kvsetkeys 2012/04/25 v1.16 Key value parser (HO)
Package: kvdefinekeys 2011/04/07 v1.3 Define keys (HO)
Package: pdftexcmds 2011/11/29 v0.20 Utility functions of pdfTeX for LuaTeX (HO
)
Package pdftexcmds Info: LuaTeX not detected.
Package pdftexcmds Info: \pdf@primitive is available.
Package pdftexcmds Info: \pdf@ifprimitive is available.
Package pdftexcmds Info: \pdfdraftmode found.
Package: pdfescape 2011/11/25 v1.13 Implements pdfTeX's escape features (HO)
Package: bigintcalc 2012/04/08 v1.3 Expandable calculations on big integers (HO
)
Package: bitset 2011/01/30 v1.1 Handle bit-vector datatype (HO)
Package: uniquecounter 2011/01/30 v1.2 Provide unlimited unique counter (HO)
)
Package hobsub Info: Skipping package `hobsub' (already loaded).
Package: letltxmacro 2010/09/02 v1.4 Let assignment for LaTeX macros (HO)
Package: hopatch 2011/06/24 v1.1 Wrapper for package hooks (HO)
Package: xcolor-patch 2011/01/30 xcolor patch
Package: atveryend 2011/06/30 v1.8 Hooks at the very end of document (HO)
Package atveryend Info: \enddocument detected (standard20110627).
Package: atbegshi 2011/10/05 v1.16 At begin shipout hook (HO)
Package: refcount 2011/10/16 v3.4 Data extraction from label references (HO)
Package: hycolor 2011/01/30 v1.7 Color options for hyperref/bookmark (HO)
) ("C:\Program Files\MiKTeX 2.9\tex\latex\oberdiek\auxhook.sty"
Package: auxhook 2011/03/04 v1.3 Hooks for auxiliary files (HO)
) ("C:\Program Files\MiKTeX 2.9\tex\latex\oberdiek\kvoptions.sty"
Package: kvoptions 2011/06/30 v3.11 Key value format for package options (HO)
)
\@linkdim=\dimen161
\Hy@linkcounter=\count118
\Hy@pagecounter=\count119
("C:\Program Files\MiKTeX 2.9\tex\latex\hyperref\pd1enc.def"
File: pd1enc.def 2012/11/06 v6.83m Hyperref: PDFDocEncoding definition (HO)
)
\Hy@SavedSpaceFactor=\count120
("C:\Program Files\MiKTeX 2.9\tex\latex\00miktex\hyperref.cfg"
File: hyperref.cfg 2002/06/06 v1.2 hyperref configuration of TeXLive
)
Package hyperref Info: Option `final' set `true' on input line 4319.
Package hyperref Info: Option `bookmarks' set `true' on input line 4319.
Package hyperref Info: Option `bookmarksopen' set `true' on input line 4319.
Package hyperref Info: Option `implicit' set `false' on input line 4319.
Package hyperref Info: Hyper figures OFF on input line 4443.
Package hyperref Info: Link nesting OFF on input line 4448.
Package hyperref Info: Hyper index ON on input line 4451.
Package hyperref Info: Plain pages OFF on input line 4458.
Package hyperref Info: Backreferencing OFF on input line 4463.
Package hyperref Info: Implicit mode OFF; no redefinition of LaTeX internals.
Package hyperref Info: Bookmarks ON on input line 4688.
\c@Hy@tempcnt=\count121
("C:\Program Files\MiKTeX 2.9\tex\latex\ltxmisc\url.sty"
\Urlmuskip=\muskip10
Package: url 2006/04/12  ver 3.3  Verb mode for urls, etc.
)
LaTeX Info: Redefining \url on input line 5041.
\XeTeXLinkMargin=\dimen162
\Fld@menulength=\count122
\Field@Width=\dimen163
\Fld@charsize=\dimen164
Package hyperref Info: Hyper figures OFF on input line 6295.
Package hyperref Info: Link nesting OFF on input line 6300.
Package hyperref Info: Hyper index ON on input line 6303.
Package hyperref Info: backreferencing OFF on input line 6310.
Package hyperref Info: Link coloring OFF on input line 6315.
Package hyperref Info: Link coloring with OCG OFF on input line 6320.
Package hyperref Info: PDF/A mode OFF on input line 6325.
LaTeX Info: Redefining \ref on input line 6365.
LaTeX Info: Redefining \pageref on input line 6369.
\Hy@abspage=\count123

Package hyperref Message: Stopped early.

)

Package hyperref Message: Driver (autodetected): hpdftex.

("C:\Program Files\MiKTeX 2.9\tex\latex\hyperref\hpdftex.def"
File: hpdftex.def 2012/11/06 v6.83m Hyperref driver for pdfTeX
\Fld@listcount=\count124
\c@bookmark@seq@number=\count125
("C:\Program Files\MiKTeX 2.9\tex\latex\oberdiek\rerunfilecheck.sty"
Package: rerunfilecheck 2011/04/15 v1.7 Rerun checks for auxiliary files (HO)
Package uniquecounter Info: New unique counter `rerunfilecheck' on input line 2
82.
)) ("C:\Program Files\MiKTeX 2.9\tex\latex\beamer\base\beamerbaserequires.sty"
Package: beamerbaserequires 2010/05/01  (rcs-revision efa082c6111d)
("C:\Program Files\MiKTeX 2.9\tex\latex\beamer\base\beamerbasecompatibility.sty
"
Package: beamerbasecompatibility 2012/05/01  (rcs-revision 67c48b3b652d)
) ("C:\Program Files\MiKTeX 2.9\tex\latex\beamer\base\beamerbasefont.sty"
Package: beamerbasefont 2012/09/19  (rcs-revision 733629cd0c6c)
("C:\Program Files\MiKTeX 2.9\tex\latex\amsfonts\amssymb.sty"
Package: amssymb 2013/01/14 v3.01 AMS font symbols
("C:\Program Files\MiKTeX 2.9\tex\latex\amsfonts\amsfonts.sty"
Package: amsfonts 2013/01/14 v3.01 Basic AMSFonts support
\@emptytoks=\toks23
\symAMSa=\mathgroup4
\symAMSb=\mathgroup5
LaTeX Font Info:    Overwriting math alphabet `\mathfrak' in version `bold'
(Font)                  U/euf/m/n --> U/euf/b/n on input line 106.
))) ("C:\Program Files\MiKTeX 2.9\tex\latex\beamer\base\beamerbasetranslator.st
y"
Package: beamerbasetranslator 2010/06/11  (rcs-revision 85fd1cc7fc42)
("C:\Program Files\MiKTeX 2.9\tex\latex\beamer\base\translator\translator.sty"
Package: translator 2010/06/12 ver 1.10

("C:\Program Files\MiKTeX 2.9\tex\latex\beamer\base\translator\translator-langu
age-mappings.tex"))) ("C:\Program Files\MiKTeX 2.9\tex\latex\beamer\base\beamer
basemisc.sty"
Package: beamerbasemisc 2012/02/24  (rcs-revision 2ff5461be705)
) ("C:\Program Files\MiKTeX 2.9\tex\latex\beamer\base\beamerbasetwoscreens.sty"
Package: beamerbasetwoscreens 2010/05/01  (rcs-revision efa082c6111d)
) ("C:\Program Files\MiKTeX 2.9\tex\latex\beamer\base\beamerbaseoverlay.sty"
Package: beamerbaseoverlay 2012/11/11  (rcs-revision 6afbc49b1109)
\beamer@argscount=\count126
\beamer@lastskipcover=\skip44
\beamer@trivlistdepth=\count127
) ("C:\Program Files\MiKTeX 2.9\tex\latex\beamer\base\beamerbasetitle.sty"
Package: beamerbasetitle 2010/09/21  (rcs-revision f0446ed0b6ae)
) ("C:\Program Files\MiKTeX 2.9\tex\latex\beamer\base\beamerbasesection.sty"
Package: beamerbasesection 2013/01/04  (rcs-revision 54309ceef997)
\c@lecture=\count128
\c@part=\count129
\c@section=\count130
\c@subsection=\count131
\c@subsubsection=\count132
) ("C:\Program Files\MiKTeX 2.9\tex\latex\beamer\base\beamerbaseframe.sty"
Package: beamerbaseframe 2012/12/26  (rcs-revision 1443917db2cf)
\beamer@framebox=\box40
\beamer@frametitlebox=\box41
\beamer@zoombox=\box42
\beamer@zoomcount=\count133
\beamer@zoomframecount=\count134
\beamer@frametextheight=\dimen165
\c@subsectionslide=\count135
\beamer@frametopskip=\skip45
\beamer@framebottomskip=\skip46
\beamer@frametopskipautobreak=\skip47
\beamer@framebottomskipautobreak=\skip48
\beamer@envbody=\toks24
\framewidth=\dimen166
\c@framenumber=\count136
) ("C:\Program Files\MiKTeX 2.9\tex\latex\beamer\base\beamerbaseverbatim.sty"
Package: beamerbaseverbatim 2012/08/30  (rcs-revision dfdb135076b3)
\beamer@verbatimfileout=\write4
) ("C:\Program Files\MiKTeX 2.9\tex\latex\beamer\base\beamerbaseframesize.sty"
Package: beamerbaseframesize 2011/09/12  (rcs-revision 70f9d8411e54)
\beamer@splitbox=\box43
\beamer@autobreakcount=\count137
\beamer@autobreaklastheight=\dimen167
\beamer@frametitletoks=\toks25
\beamer@framesubtitletoks=\toks26
)
("C:\Program Files\MiKTeX 2.9\tex\latex\beamer\base\beamerbaseframecomponents.s
ty"
Package: beamerbaseframecomponents 2012/09/13  (rcs-revision dcd846607320)
\beamer@footins=\box44
) ("C:\Program Files\MiKTeX 2.9\tex\latex\beamer\base\beamerbasecolor.sty"
Package: beamerbasecolor 2010/06/06  (rcs-revision d1a9b48be06d)
) ("C:\Program Files\MiKTeX 2.9\tex\latex\beamer\base\beamerbasenotes.sty"
Package: beamerbasenotes 2012/12/19  (rcs-revision 1686da3db3c9)
\beamer@frameboxcopy=\box45
) ("C:\Program Files\MiKTeX 2.9\tex\latex\beamer\base\beamerbasetoc.sty"
Package: beamerbasetoc 2012/10/02  (rcs-revision 5ed0f4010e8a)
) ("C:\Program Files\MiKTeX 2.9\tex\latex\beamer\base\beamerbasetemplates.sty"
Package: beamerbasetemplates 2010/05/01  (rcs-revision efa082c6111d)
\beamer@sbttoks=\toks27
("C:\Program Files\MiKTeX 2.9\tex\latex\beamer\base\beamerbaseauxtemplates.sty"
Package: beamerbaseauxtemplates 2012/05/01  (rcs-revision 67c48b3b652d)
("C:\Program Files\MiKTeX 2.9\tex\latex\beamer\base\beamerbaseboxes.sty"
Package: beamerbaseboxes 2012/05/13  (rcs-revision 56972908a390)
\bmb@box=\box46
\bmb@colorbox=\box47
\bmb@boxshadow=\box48
\bmb@boxshadowball=\box49
\bmb@boxshadowballlarge=\box50
\bmb@temp=\dimen168
\bmb@dima=\dimen169
\bmb@dimb=\dimen170
\bmb@prevheight=\dimen171
)
\beamer@blockheadheight=\dimen172
))
("C:\Program Files\MiKTeX 2.9\tex\latex\beamer\base\beamerbaselocalstructure.st
y"
Package: beamerbaselocalstructure 2012/11/13  (rcs-revision ddfba79dac19)
("C:\Program Files\MiKTeX 2.9\tex\latex\tools\enumerate.sty"
Package: enumerate 1999/03/05 v3.00 enumerate extensions (DPC)
\@enLab=\toks28
)
\c@figure=\count138
\c@table=\count139
\abovecaptionskip=\skip49
\belowcaptionskip=\skip50
) ("C:\Program Files\MiKTeX 2.9\tex\latex\beamer\base\beamerbasenavigation.sty"
Package: beamerbasenavigation 2012/04/03  (rcs-revision 42a0f21a412d)
\beamer@section@min@dim=\dimen173
) ("C:\Program Files\MiKTeX 2.9\tex\latex\beamer\base\beamerbasetheorems.sty"
Package: beamerbasetheorems 2010/06/06  (rcs-revision 7e7cc5e53e9d)
("C:\Program Files\MiKTeX 2.9\tex\latex\amsmath\amsmath.sty"
Package: amsmath 2013/01/14 v2.14 AMS math features
\@mathmargin=\skip51
For additional information on amsmath, use the `?' option.
("C:\Program Files\MiKTeX 2.9\tex\latex\amsmath\amstext.sty"
Package: amstext 2000/06/29 v2.01
("C:\Program Files\MiKTeX 2.9\tex\latex\amsmath\amsgen.sty"
File: amsgen.sty 1999/11/30 v2.0
\@emptytoks=\toks29
\ex@=\dimen174
)) ("C:\Program Files\MiKTeX 2.9\tex\latex\amsmath\amsbsy.sty"
Package: amsbsy 1999/11/29 v1.2d
\pmbraise@=\dimen175
) ("C:\Program Files\MiKTeX 2.9\tex\latex\amsmath\amsopn.sty"
Package: amsopn 1999/12/14 v2.01 operator names
)
\inf@bad=\count140
LaTeX Info: Redefining \frac on input line 210.
\uproot@=\count141
\leftroot@=\count142
LaTeX Info: Redefining \overline on input line 306.
\classnum@=\count143
\DOTSCASE@=\count144
LaTeX Info: Redefining \ldots on input line 378.
LaTeX Info: Redefining \dots on input line 381.
LaTeX Info: Redefining \cdots on input line 466.
\Mathstrutbox@=\box51
\strutbox@=\box52
\big@size=\dimen176
LaTeX Font Info:    Redeclaring font encoding OML on input line 566.
LaTeX Font Info:    Redeclaring font encoding OMS on input line 567.
\macc@depth=\count145
\c@MaxMatrixCols=\count146
\dotsspace@=\muskip11
\c@parentequation=\count147
\dspbrk@lvl=\count148
\tag@help=\toks30
\row@=\count149
\column@=\count150
\maxfields@=\count151
\andhelp@=\toks31
\eqnshift@=\dimen177
\alignsep@=\dimen178
\tagshift@=\dimen179
\tagwidth@=\dimen180
\totwidth@=\dimen181
\lineht@=\dimen182
\@envbody=\toks32
\multlinegap=\skip52
\multlinetaggap=\skip53
\mathdisplay@stack=\toks33
LaTeX Info: Redefining \[ on input line 2665.
LaTeX Info: Redefining \] on input line 2666.
) ("C:\Program Files\MiKTeX 2.9\tex\latex\amscls\amsthm.sty"
Package: amsthm 2004/08/06 v2.20
\thm@style=\toks34
\thm@bodyfont=\toks35
\thm@headfont=\toks36
\thm@notefont=\toks37
\thm@headpunct=\toks38
\thm@preskip=\skip54
\thm@postskip=\skip55
\thm@headsep=\skip56
\dth@everypar=\toks39
)
\c@theorem=\count152
) ("C:\Program Files\MiKTeX 2.9\tex\latex\beamer\base\beamerbasethemes.sty"
Package: beamerbasethemes 2010/05/01  (rcs-revision efa082c6111d)
))
("C:\Program Files\MiKTeX 2.9\tex\latex\beamer\base\themes\theme\beamerthemedef
ault.sty"
Package: beamerthemedefault 2010/06/17  (rcs-revision d02a7cf4d8ae)

("C:\Program Files\MiKTeX 2.9\tex\latex\beamer\base\themes\font\beamerfonttheme
default.sty"
Package: beamerfontthemedefault 2012/12/19  (rcs-revision 1686da3db3c9)
)
("C:\Program Files\MiKTeX 2.9\tex\latex\beamer\base\themes\color\beamercolorthe
medefault.sty"
Package: beamercolorthemedefault 2012/12/19  (rcs-revision 1686da3db3c9)
)
("C:\Program Files\MiKTeX 2.9\tex\latex\beamer\base\themes\inner\beamerinnerthe
medefault.sty"
Package: beamerinnerthemedefault 2012/05/01  (rcs-revision 67c48b3b652d)
\beamer@dima=\dimen183
\beamer@dimb=\dimen184
)
("C:\Program Files\MiKTeX 2.9\tex\latex\beamer\base\themes\outer\beamerouterthe
medefault.sty"
Package: beamerouterthemedefault 2012/12/19  (rcs-revision 1686da3db3c9)
))) (C:\Users\liam\Desktop\KINECT\kbox\Latex\poster\beamerthemeI6dv.sty
Package: beamerthemeI6dv 
) ("C:\Program Files\MiKTeX 2.9\tex\latex\psnfss\times.sty"
Package: times 2005/04/12 PSNFSS-v9.2a (SPQR) 
) ("C:\Program Files\MiKTeX 2.9\tex\latex\base\latexsym.sty"
Package: latexsym 1998/08/17 v2.2e Standard LaTeX package (lasy symbols)
\symlasy=\mathgroup6
LaTeX Font Info:    Overwriting symbol font `lasy' in version `bold'
(Font)                  U/lasy/m/n --> U/lasy/b/n on input line 47.
) ("C:\Program Files\MiKTeX 2.9\tex\latex\base\exscale.sty"
Package: exscale 2007/10/29 v2.1h Standard LaTeX package exscale
LaTeX Font Info:    Redeclaring symbol font `largesymbols' on input line 52.
LaTeX Font Info:    Overwriting symbol font `largesymbols' in version `normal'
(Font)                  OMX/cmex/m/n --> OMX/cmex/m/n on input line 52.
LaTeX Font Info:    Overwriting symbol font `largesymbols' in version `bold'
(Font)                  OMX/cmex/m/n --> OMX/cmex/m/n on input line 52.
\big@size=\dimen185
) ("C:\Program Files\MiKTeX 2.9\tex\latex\booktabs\booktabs.sty"
Package: booktabs 2005/04/14 v1.61803 publication quality tables
\heavyrulewidth=\dimen186
\lightrulewidth=\dimen187
\cmidrulewidth=\dimen188
\belowrulesep=\dimen189
\belowbottomsep=\dimen190
\aboverulesep=\dimen191
\abovetopsep=\dimen192
\cmidrulesep=\dimen193
\cmidrulekern=\dimen194
\defaultaddspace=\dimen195
\@cmidla=\count153
\@cmidlb=\count154
\@aboverulesep=\dimen196
\@belowrulesep=\dimen197
\@thisruleclass=\count155
\@lastruleclass=\count156
\@thisrulewidth=\dimen198
) ("C:\Program Files\MiKTeX 2.9\tex\latex\tools\array.sty"
Package: array 2008/09/09 v2.4c Tabular extension package (FMi)
\col@sep=\dimen199
\extrarowheight=\dimen200
\NC@list=\toks40
\extratabsurround=\skip57
\backup@length=\skip58
) ("C:\Program Files\MiKTeX 2.9\tex\generic\babel\babel.sty"
Package: babel 2008/07/08 v3.8m The Babel package
*************************************
* Local config file bblopts.cfg used
*
("C:\Program Files\MiKTeX 2.9\tex\latex\00miktex\bblopts.cfg"
File: bblopts.cfg 2006/07/31 v1.0 MiKTeX 'babel' configuration
) ("C:\Program Files\MiKTeX 2.9\tex\generic\babel\english.ldf"
Language: english 2005/03/30 v3.3o English support from the babel system
("C:\Program Files\MiKTeX 2.9\tex\generic\babel\babel.def"
File: babel.def 2008/07/08 v3.8m Babel common definitions
LaTeX Info: Redefining \textlatin on input line 82.
\babel@savecnt=\count157
\U@D=\dimen201
)
\l@canadian = a dialect from \language\l@american 
\l@australian = a dialect from \language\l@british 
\l@newzealand = a dialect from \language\l@british 
)) ("C:\Program Files\MiKTeX 2.9\tex\latex\base\inputenc.sty"
Package: inputenc 2008/03/30 v1.1d Input encoding file
\inpenc@prehook=\toks41
\inpenc@posthook=\toks42
("C:\Program Files\MiKTeX 2.9\tex\latex\base\latin1.def"
File: latin1.def 2008/03/30 v1.1d Input encoding file
)) (C:\Users\liam\Desktop\KINECT\kbox\Latex\poster\beamerposter.sty
Package: beamerposter 2010/11/18 v.1.12 latex-beamer poster extension
("C:\Program Files\MiKTeX 2.9\tex\latex\xkeyval\xkeyval.sty"
Package: xkeyval 2012/10/14 v2.6b package option processing (HA)
("C:\Program Files\MiKTeX 2.9\tex\generic\xkeyval\xkeyval.tex"
\XKV@toks=\toks43
\XKV@tempa@toks=\toks44
\XKV@depth=\count158
File: xkeyval.tex 2012/10/14 v2.6b key=value parser (HA)
)) ("C:\Program Files\MiKTeX 2.9\tex\latex\type1cm\type1cm.sty"
Package: type1cm 2002/09/05 v0.04 BlueSky/Y&Y Type1 CM font definitions (DPC, p
atched RF)
) ("C:\Program Files\MiKTeX 2.9\tex\latex\fp\fp.sty"
Package: fp 1995/04/02
`Fixed Point Package', Version 0.8, April 2, 1995 (C) Michael Mehlich ("C:\Prog
ram Files\MiKTeX 2.9\tex\latex\fp\defpattern.sty"
Package: defpattern 1994/10/12
\actioncount=\count159
) ("C:\Program Files\MiKTeX 2.9\tex\latex\fp\fp-basic.sty"
Package: fp-basic 1996/05/13
\FP@xs=\count160
\FP@xia=\count161
\FP@xib=\count162
\FP@xfa=\count163
\FP@xfb=\count164
\FP@rega=\count165
\FP@regb=\count166
\FP@regs=\count167
\FP@times=\count168
) ("C:\Program Files\MiKTeX 2.9\tex\latex\fp\fp-addons.sty"
Package: fp-addons 1995/03/15
) ("C:\Program Files\MiKTeX 2.9\tex\latex\fp\fp-snap.sty"
Package: fp-snap 1995/04/05
) ("C:\Program Files\MiKTeX 2.9\tex\latex\fp\fp-exp.sty"
Package: fp-exp 1995/04/03
) ("C:\Program Files\MiKTeX 2.9\tex\latex\fp\fp-trigo.sty"
Package: fp-trigo 1995/04/14
) ("C:\Program Files\MiKTeX 2.9\tex\latex\fp\fp-pas.sty"
Package: fp-pas 1994/08/29
) ("C:\Program Files\MiKTeX 2.9\tex\latex\fp\fp-random.sty"
Package: fp-random 1995/02/23
\FPseed=\count169
) ("C:\Program Files\MiKTeX 2.9\tex\latex\fp\fp-eqn.sty"
Package: fp-eqn 1995/04/03
) ("C:\Program Files\MiKTeX 2.9\tex\latex\fp\fp-upn.sty"
Package: fp-upn 1996/10/21
) ("C:\Program Files\MiKTeX 2.9\tex\latex\fp\fp-eval.sty"
Package: fp-eval 1995/04/03
))
Package beamerposter Info: checking size input, please wait. on input line 128.

Package beamerposter Info: the input a0\ 1\ was correct, we proceed. on input l
ine 128.
Package beamerposter Info: finished size input check. on input line 128.
Package beamerposter Info: myfontscale=1.0 on input line 128.
Package beamerposter Info: checking orientation input, please wait. on input li
ne 129.
Package beamerposter Info: the input landscape\ 1\ was correct, we proceed. on 
input line 129.
Package beamerposter Info: finished orientation check. on input line 129.
Package beamerposter Info: checking size input, please wait. on input line 129.

Package beamerposter Info: the input a1\ 2\ was correct, we proceed. on input l
ine 129.
Package beamerposter Info: finished size input check. on input line 129.
Package beamerposter Info: myfontscale=1.9 on input line 129.
( FP-UPN ( FP-MUL ) ( FP-ROUND ) )
Package beamerposter Info: paperwidth=2388.89357pt, paperheight=1690.09352pt on
 input line 172.
Package beamerposter Info: textwidth=2360.44081pt, textwidth=1661.64076pt on in
put line 173.
Package beamerposter Info: fontscale=0.70710678, myfontscale=1.34 on input line
 174.
( FP-UPN ( FP-MUL ) ( FP-ROUND ) ) ( FP-UPN ( FP-MUL ) ( FP-ROUND ) ) ( FP-UPN 
( FP-MUL ) ( FP-ROUND ) ) ( FP-UPN ( FP-MUL ) ( FP-ROUND ) ) ( FP-UPN ( FP-MUL 
) ( FP-ROUND ) ) ( FP-UPN ( FP-MUL ) ( FP-ROUND ) ) ( FP-UPN ( FP-MUL ) ( FP-RO
UND ) ) ( FP-UPN ( FP-MUL ) ( FP-ROUND ) ) ( FP-UPN ( FP-MUL ) ( FP-ROUND ) ) (
 FP-UPN ( FP-MUL ) ( FP-ROUND ) ) ( FP-UPN ( FP-MUL ) ( FP-ROUND ) ) ( FP-UPN (
 FP-MUL ) ( FP-ROUND ) ) ( FP-UPN ( FP-MUL ) ( FP-ROUND ) ) ( FP-UPN ( FP-MUL )
( FP-ROUND ) ) ( FP-UPN ( FP-MUL ) ( FP-ROUND ) ) ( FP-UPN ( FP-MUL ) ( FP-ROUN
D ) ) ( FP-UPN ( FP-MUL ) ( FP-ROUND ) ) ( FP-UPN ( FP-MUL ) ( FP-ROUND ) ) ( F
P-UPN ( FP-MUL ) ( FP-ROUND ) ) ( FP-UPN ( FP-MUL ) ( FP-ROUND ) ) ( FP-UPN ( F
P-MUL ) ( FP-ROUND ) ) ( FP-UPN ( FP-MUL ) ( FP-ROUND ) ) ( FP-UPN ( FP-MUL ) (
 FP-ROUND ) ) ( FP-UPN ( FP-MUL ) ( FP-ROUND ) ) ( FP-UPN ( FP-MUL ) ( FP-ROUND
) ) ( FP-UPN ( FP-MUL ) ( FP-ROUND ) ) ( FP-UPN ( FP-MUL ) ( FP-ROUND ) ) ( FP-
UPN ( FP-MUL ) ( FP-ROUND ) ) ( FP-UPN ( FP-MUL ) ( FP-ROUND ) ) ( FP-UPN ( FP-
MUL ) ( FP-ROUND ) ) ( FP-UPN ( FP-MUL ) ( FP-ROUND ) ) ( FP-UPN ( FP-MUL ) ( F
P-ROUND ) )) ("C:\Program Files\MiKTeX 2.9\tex\latex\tools\xspace.sty"
Package: xspace 2009/10/20 v1.13 Space after command names (DPC,MH)
) (C:\Users\liam\Desktop\KINECT\kbox\Latex\poster\dreuw07-interspeech.aux)
LaTeX Font Info:    Checking defaults for OML/cmm/m/it on input line 56.
LaTeX Font Info:    ... okay on input line 56.
LaTeX Font Info:    Checking defaults for T1/cmr/m/n on input line 56.
LaTeX Font Info:    ... okay on input line 56.
LaTeX Font Info:    Checking defaults for OT1/cmr/m/n on input line 56.
LaTeX Font Info:    ... okay on input line 56.
LaTeX Font Info:    Checking defaults for OMS/cmsy/m/n on input line 56.
LaTeX Font Info:    ... okay on input line 56.
LaTeX Font Info:    Checking defaults for OMX/cmex/m/n on input line 56.
LaTeX Font Info:    ... okay on input line 56.
LaTeX Font Info:    Checking defaults for U/cmr/m/n on input line 56.
LaTeX Font Info:    ... okay on input line 56.
LaTeX Font Info:    Checking defaults for PD1/pdf/m/n on input line 56.
LaTeX Font Info:    ... okay on input line 56.
LaTeX Font Info:    Try loading font information for OT1+phv on input line 56.
("C:\Program Files\MiKTeX 2.9\tex\latex\psnfss\ot1phv.fd"
File: ot1phv.fd 2001/06/04 scalable font definitions for OT1/phv.
)
*geometry* driver: auto-detecting
*geometry* detected driver: pdftex
*geometry* verbose mode - [ preamble ] result:
* driver: pdftex
* paper: custom
* layout: <same size as paper>
* layoutoffset:(h,v)=(0.0pt,0.0pt)
* modes: includehead includefoot 
* h-part:(L,W,R)=(28.45274pt, 2331.98808pt, 28.45274pt)
* v-part:(T,H,B)=(0.0pt, 1690.09352pt, 0.0pt)
* \paperwidth=2388.89357pt
* \paperheight=1690.09352pt
* \textwidth=2331.98808pt
* \textheight=1661.6408pt
* \oddsidemargin=-43.81725pt
* \evensidemargin=-43.81725pt
* \topmargin=-72.26999pt
* \headheight=14.22636pt
* \headsep=0.0pt
* \topskip=11.0pt
* \footskip=14.22636pt
* \marginparwidth=4.0pt
* \marginparsep=10.0pt
* \columnsep=10.0pt
* \skip\footins=10.0pt plus 4.0pt minus 2.0pt
* \hoffset=0.0pt
* \voffset=0.0pt
* \mag=1000
* \@twocolumnfalse
* \@twosidefalse
* \@mparswitchfalse
* \@reversemarginfalse
* (1in=72.27pt=25.4mm, 1cm=28.453pt)

("C:\Program Files\MiKTeX 2.9\tex\context\base\supp-pdf.mkii"
[Loading MPS to PDF converter (version 2006.09.02).]
\scratchcounter=\count170
\scratchdimen=\dimen202
\scratchbox=\box53
\nofMPsegments=\count171
\nofMParguments=\count172
\everyMPshowfont=\toks45
\MPscratchCnt=\count173
\MPscratchDim=\dimen203
\MPnumerator=\count174
\makeMPintoPDFobject=\count175
\everyMPtoPDFconversion=\toks46
) ABD: EveryShipout initializing macros
\AtBeginShipoutBox=\box54
Package hyperref Info: Link coloring OFF on input line 56.
("C:\Program Files\MiKTeX 2.9\tex\latex\hyperref\nameref.sty"
Package: nameref 2012/10/27 v2.43 Cross-referencing by name of section
("C:\Program Files\MiKTeX 2.9\tex\generic\oberdiek\gettitlestring.sty"
Package: gettitlestring 2010/12/03 v1.4 Cleanup title references (HO)
)
\c@section@level=\count176
)
LaTeX Info: Redefining \ref on input line 56.
LaTeX Info: Redefining \pageref on input line 56.
LaTeX Info: Redefining \nameref on input line 56.
(C:\Users\liam\Desktop\KINECT\kbox\Latex\poster\dreuw07-interspeech.out) (C:\Us
ers\liam\Desktop\KINECT\kbox\Latex\poster\dreuw07-interspeech.out)
\@outlinefile=\write5
LaTeX Font Info:    Overwriting symbol font `operators' in version `normal'
(Font)                  OT1/cmr/m/n --> OT1/cmss/m/n on input line 56.
LaTeX Font Info:    Overwriting symbol font `operators' in version `bold'
(Font)                  OT1/cmr/bx/n --> OT1/cmss/bx/n on input line 56.
\symnumbers=\mathgroup7
\sympureletters=\mathgroup8
LaTeX Font Info:    Overwriting math alphabet `\mathrm' in version `normal'
(Font)                  OT1/cmss/m/n --> OT1/ptm/m/n on input line 56.
LaTeX Font Info:    Redeclaring math alphabet \mathbf on input line 56.
LaTeX Font Info:    Overwriting math alphabet `\mathbf' in version `normal'
(Font)                  OT1/cmr/bx/n --> OT1/phv/bx/n on input line 56.
LaTeX Font Info:    Overwriting math alphabet `\mathbf' in version `bold'
(Font)                  OT1/cmr/bx/n --> OT1/phv/bx/n on input line 56.
LaTeX Font Info:    Redeclaring math alphabet \mathsf on input line 56.
LaTeX Font Info:    Overwriting math alphabet `\mathsf' in version `normal'
(Font)                  OT1/cmss/m/n --> OT1/phv/m/n on input line 56.
LaTeX Font Info:    Overwriting math alphabet `\mathsf' in version `bold'
(Font)                  OT1/cmss/bx/n --> OT1/phv/m/n on input line 56.
LaTeX Font Info:    Redeclaring math alphabet \mathit on input line 56.
LaTeX Font Info:    Overwriting math alphabet `\mathit' in version `normal'
(Font)                  OT1/cmr/m/it --> OT1/phv/m/it on input line 56.
LaTeX Font Info:    Overwriting math alphabet `\mathit' in version `bold'
(Font)                  OT1/cmr/bx/it --> OT1/phv/m/it on input line 56.
LaTeX Font Info:    Redeclaring math alphabet \mathtt on input line 56.
LaTeX Font Info:    Overwriting math alphabet `\mathtt' in version `normal'
(Font)                  OT1/cmtt/m/n --> OT1/pcr/m/n on input line 56.
LaTeX Font Info:    Overwriting math alphabet `\mathtt' in version `bold'
(Font)                  OT1/cmtt/m/n --> OT1/pcr/m/n on input line 56.
LaTeX Font Info:    Overwriting symbol font `numbers' in version `bold'
(Font)                  OT1/phv/m/n --> OT1/phv/bx/n on input line 56.
LaTeX Font Info:    Overwriting symbol font `pureletters' in version `bold'
(Font)                  OT1/phv/m/it --> OT1/phv/bx/it on input line 56.
LaTeX Font Info:    Overwriting math alphabet `\mathrm' in version `bold'
(Font)                  OT1/cmss/bx/n --> OT1/ptm/bx/n on input line 56.
LaTeX Font Info:    Overwriting math alphabet `\mathbf' in version `bold'
(Font)                  OT1/phv/bx/n --> OT1/phv/bx/n on input line 56.
LaTeX Font Info:    Overwriting math alphabet `\mathsf' in version `bold'
(Font)                  OT1/phv/m/n --> OT1/phv/bx/n on input line 56.
LaTeX Font Info:    Overwriting math alphabet `\mathit' in version `bold'
(Font)                  OT1/phv/m/it --> OT1/phv/bx/it on input line 56.
LaTeX Font Info:    Overwriting math alphabet `\mathtt' in version `bold'
(Font)                  OT1/pcr/m/n --> OT1/pcr/bx/n on input line 56.

("C:\Program Files\MiKTeX 2.9\tex\latex\beamer\base\translator\dicts\translator
-basic-dictionary\translator-basic-dictionary-English.dict"
Dictionary: translator-basic-dictionary, Language: English 
)
("C:\Program Files\MiKTeX 2.9\tex\latex\beamer\base\translator\dicts\translator
-bibliography-dictionary\translator-bibliography-dictionary-English.dict"
Dictionary: translator-bibliography-dictionary, Language: English 
)
("C:\Program Files\MiKTeX 2.9\tex\latex\beamer\base\translator\dicts\translator
-environment-dictionary\translator-environment-dictionary-English.dict"
Dictionary: translator-environment-dictionary, Language: English 
)
("C:\Program Files\MiKTeX 2.9\tex\latex\beamer\base\translator\dicts\translator
-months-dictionary\translator-months-dictionary-English.dict"
Dictionary: translator-months-dictionary, Language: English 
)
("C:\Program Files\MiKTeX 2.9\tex\latex\beamer\base\translator\dicts\translator
-numbers-dictionary\translator-numbers-dictionary-English.dict"
Dictionary: translator-numbers-dictionary, Language: English 
)
("C:\Program Files\MiKTeX 2.9\tex\latex\beamer\base\translator\dicts\translator
-theorem-dictionary\translator-theorem-dictionary-English.dict"
Dictionary: translator-theorem-dictionary, Language: English 
)
LaTeX Info: Redefining \includegraphics on input line 56.
(C:\Users\liam\Desktop\KINECT\kbox\Latex\poster\dreuw07-interspeech.nav)
LaTeX Font Info:    Try loading font information for OT1+pcr on input line 56.
("C:\Program Files\MiKTeX 2.9\tex\latex\psnfss\ot1pcr.fd"
File: ot1pcr.fd 2001/06/04 font definitions for OT1/pcr.
)
LaTeX Font Info:    Font shape `OT1/phv/bx/n' in size <16.08> not available
(Font)              Font shape `OT1/phv/b/n' tried instead on input line 56.
LaTeX Font Info:    Font shape `OT1/phv/bx/n' in size <57.62> not available
(Font)              Font shape `OT1/phv/b/n' tried instead on input line 56.
LaTeX Font Info:    Font shape `OT1/phv/bx/n' in size <69.14> not available
(Font)              Font shape `OT1/phv/b/n' tried instead on input line 56.

Overfull \hbox (50.62675pt too wide) detected at line 56
[][][] [][][][][][][][][] [][][][][][][][][] [][][][][][][][][] [][][][][][][][
][] [][][][][][][] 
 []

LaTeX Font Info:    Font shape `OT1/phv/bx/n' in size <33.34> not available
(Font)              Font shape `OT1/phv/b/n' tried instead on input line 401.
LaTeX Font Info:    Calculating math sizes for size <19.3> on input line 401.
LaTeX Font Info:    Font shape `OT1/phv/m/it' in size <19.3> not available
(Font)              Font shape `OT1/phv/m/sl' tried instead on input line 401.
LaTeX Font Info:    Font shape `OT1/phv/m/it' in size <13.50993> not available
(Font)              Font shape `OT1/phv/m/sl' tried instead on input line 401.
LaTeX Font Info:    Font shape `OT1/phv/m/it' in size <9.65> not available
(Font)              Font shape `OT1/phv/m/sl' tried instead on input line 401.
LaTeX Font Info:    Calculating math sizes for size <16.08> on input line 401.
LaTeX Font Info:    Font shape `OT1/phv/m/it' in size <16.08> not available
(Font)              Font shape `OT1/phv/m/sl' tried instead on input line 401.
LaTeX Font Info:    Font shape `OT1/phv/m/it' in size <11.25595> not available
(Font)              Font shape `OT1/phv/m/sl' tried instead on input line 401.
LaTeX Font Info:    Font shape `OT1/phv/m/it' in size <8.04> not available
(Font)              Font shape `OT1/phv/m/sl' tried instead on input line 401.

Overfull \hbox (21.39908pt too wide) in paragraph at lines 401--401
\OT1/phv/m/n/33.34 concatenation[] 
 []


Overfull \hbox (0.66216pt too wide) in paragraph at lines 401--401
\OT1/phv/m/n/33.34 appearance- 
 []


Overfull \hbox (25.03346pt too wide) in paragraph at lines 401--401
\OT1/phv/m/n/33.34 dimensionality 
 []

LaTeX Font Info:    Calculating math sizes for size <33.34> on input line 401.
LaTeX Font Info:    Font shape `OT1/phv/m/it' in size <33.34> not available
(Font)              Font shape `OT1/phv/m/sl' tried instead on input line 401.
LaTeX Font Info:    Font shape `OT1/phv/m/it' in size <23.33789> not available
(Font)              Font shape `OT1/phv/m/sl' tried instead on input line 401.
LaTeX Font Info:    Font shape `OT1/phv/m/it' in size <16.67> not available
(Font)              Font shape `OT1/phv/m/sl' tried instead on input line 401.

Underfull \hbox (badness 3271) in paragraph at lines 401--401
[]|\OT1/phv/m/n/33.34 frame in-ten-sity (w/ pro-nun-ci-a-
 []


Overfull \hbox (30.89111pt too wide) in paragraph at lines 401--401
 [] 
 []


Overfull \hbox (132.14438pt too wide) in paragraph at lines 401--401
 [][]  
 []


Overfull \hbox (305.27463pt too wide) in paragraph at lines 401--401
 [][]  
 []


Overfull \hbox (150.90321pt too wide) in paragraph at lines 401--401
 [][]  
 []


Overfull \hbox (205.39764pt too wide) in paragraph at lines 401--401
 [][]  
 []

LaTeX Font Info:    Calculating math sizes for size <27.79> on input line 401.
LaTeX Font Info:    Font shape `OT1/phv/m/it' in size <27.79> not available
(Font)              Font shape `OT1/phv/m/sl' tried instead on input line 401.
LaTeX Font Info:    Font shape `OT1/phv/m/it' in size <19.4529> not available
(Font)              Font shape `OT1/phv/m/sl' tried instead on input line 401.
LaTeX Font Info:    Font shape `OT1/phv/m/it' in size <13.89499> not available
(Font)              Font shape `OT1/phv/m/sl' tried instead on input line 401.

Overfull \hbox (163.18549pt too wide) in paragraph at lines 401--401
 [][]  
 []


Overfull \hbox (53.13898pt too wide) in paragraph at lines 401--401
 [][]  
 []


Overfull \hbox (145.31767pt too wide) in paragraph at lines 401--401
 [][]  
 []


Overfull \hbox (12.0438pt too wide) in paragraph at lines 401--401
[]|\OT1/phv/m/n/33.34 sentences| 
 []


Underfull \hbox (badness 10000) in paragraph at lines 401--401
[]|\OT1/phv/m/n/33.34 running
 []


Overfull \hbox (20.77892pt too wide) in paragraph at lines 401--401
[]|\OT1/phv/m/n/33.34 vocabulary| 
 []


Overfull \hbox (10.17656pt too wide) in paragraph at lines 401--401
[]|\OT1/phv/m/n/33.34 singletons| 
 []


Overfull \hbox (74.3177pt too wide) in paragraph at lines 401--401
 [] 
 []


Overfull \hbox (39.44896pt too wide) in paragraph at lines 401--401
 [] 
 []


Overfull \hbox (9.75761pt too wide) detected at line 401
[]   [][] [][][][][][][]  [][] [][][][][][][] 
 []


Overfull \vbox (2134.5575pt too high) detected at line 401
 []


Overfull \hbox (50.62675pt too wide) has occurred while \output is active
[][][] [][][][][][][][][] [][][][][][][][][] [][][][][][][][][] [][][][][][][][
][] [][][][][][][] 
 []

[1{C:/ProgramData/MiKTeX/2.9/pdftex/config/pdftex.map}

]
\tf@nav=\write6
\tf@toc=\write7
\tf@snm=\write8
Package atveryend Info: Empty hook `BeforeClearDocument' on input line 403.
Package atveryend Info: Empty hook `AfterLastShipout' on input line 403.
(C:\Users\liam\Desktop\KINECT\kbox\Latex\poster\dreuw07-interspeech.aux)
Package atveryend Info: Executing hook `AtVeryEndDocument' on input line 403.

 *File List*
  beamer.cls    2013/01/04 3.26 A class for typesetting presentations (rcs-revi
sion e81e0c94bcc6)
beamerbasercs.sty    2013/01/04 (rcs-revision 9a97a4eee358)
beamerbasemodes.sty    2012/04/15 (rcs-revision cc6557182d97)
beamerbasedecode.sty    2010/05/01 (rcs-revision efa082c6111d)
   ifpdf.sty    2011/01/30 v2.3 Provides the ifpdf switch (HO)
beamerbaseoptions.sty    2010/04/27 (rcs-revision 982469101dd6)
  keyval.sty    1999/03/16 v1.13 key=value parser (DPC)
geometry.sty    2010/09/12 v5.6 Page Geometry
  ifvtex.sty    2010/03/01 v1.5 Detect VTeX and its facilities (HO)
 ifxetex.sty    2010/09/12 v0.6 Provides ifxetex conditional
geometry.cfg
  size11.clo    2007/10/19 v1.4h Standard LaTeX file (size option)
 pgfcore.sty    2010/04/11 v2.10 (rcs-revision 1.7)
graphicx.sty    1999/02/16 v1.0f Enhanced LaTeX Graphics (DPC,SPQR)
graphics.sty    2009/02/05 v1.0o Standard LaTeX Graphics (DPC,SPQR)
    trig.sty    1999/03/16 v1.09 sin cos tan (DPC)
graphics.cfg    2007/01/18 v1.5 graphics configuration of teTeX/TeXLive
  pdftex.def    2011/05/27 v0.06d Graphics/color for pdfTeX
infwarerr.sty    2010/04/08 v1.3 Providing info/warning/error messages (HO)
 ltxcmds.sty    2011/11/09 v1.22 LaTeX kernel commands for general use (HO)
  pgfsys.sty    2010/06/30 v2.10 (rcs-revision 1.37)
  pgfrcs.sty    2010/10/25 v2.10 (rcs-revision 1.24)
everyshi.sty    2001/05/15 v3.00 EveryShipout Package (MS)
  pgfrcs.code.tex
  pgfsys.code.tex
pgfsyssoftpath.code.tex    2008/07/18  (rcs-revision 1.7)
pgfsysprotocol.code.tex    2006/10/16  (rcs-revision 1.4)
  xcolor.sty    2007/01/21 v2.11 LaTeX color extensions (UK)
   color.cfg    2007/01/18 v1.5 color configuration of teTeX/TeXLive
 pgfcore.code.tex
 xxcolor.sty    2003/10/24 ver 0.1
hyperref.sty    2012/11/06 v6.83m Hypertext links for LaTeX
hobsub-hyperref.sty    2012/04/25 v1.12 Bundle oberdiek, subset hyperref (HO)
hobsub-generic.sty    2012/04/25 v1.12 Bundle oberdiek, subset generic (HO)
  hobsub.sty    2012/04/25 v1.12 Construct package bundles (HO)
ifluatex.sty    2010/03/01 v1.3 Provides the ifluatex switch (HO)
 intcalc.sty    2007/09/27 v1.1 Expandable calculations with integers (HO)
etexcmds.sty    2011/02/16 v1.5 Avoid name clashes with e-TeX commands (HO)
kvsetkeys.sty    2012/04/25 v1.16 Key value parser (HO)
kvdefinekeys.sty    2011/04/07 v1.3 Define keys (HO)
pdftexcmds.sty    2011/11/29 v0.20 Utility functions of pdfTeX for LuaTeX (HO)
pdfescape.sty    2011/11/25 v1.13 Implements pdfTeX's escape features (HO)
bigintcalc.sty    2012/04/08 v1.3 Expandable calculations on big integers (HO)
  bitset.sty    2011/01/30 v1.1 Handle bit-vector datatype (HO)
uniquecounter.sty    2011/01/30 v1.2 Provide unlimited unique counter (HO)
letltxmacro.sty    2010/09/02 v1.4 Let assignment for LaTeX macros (HO)
 hopatch.sty    2011/06/24 v1.1 Wrapper for package hooks (HO)
xcolor-patch.sty    2011/01/30 xcolor patch
atveryend.sty    2011/06/30 v1.8 Hooks at the very end of document (HO)
atbegshi.sty    2011/10/05 v1.16 At begin shipout hook (HO)
refcount.sty    2011/10/16 v3.4 Data extraction from label references (HO)
 hycolor.sty    2011/01/30 v1.7 Color options for hyperref/bookmark (HO)
 auxhook.sty    2011/03/04 v1.3 Hooks for auxiliary files (HO)
kvoptions.sty    2011/06/30 v3.11 Key value format for package options (HO)
  pd1enc.def    2012/11/06 v6.83m Hyperref: PDFDocEncoding definition (HO)
hyperref.cfg    2002/06/06 v1.2 hyperref configuration of TeXLive
     url.sty    2006/04/12  ver 3.3  Verb mode for urls, etc.
 hpdftex.def    2012/11/06 v6.83m Hyperref driver for pdfTeX
rerunfilecheck.sty    2011/04/15 v1.7 Rerun checks for auxiliary files (HO)
beamerbaserequires.sty    2010/05/01  (rcs-revision efa082c6111d)
beamerbasecompatibility.sty    2012/05/01  (rcs-revision 67c48b3b652d)
beamerbasefont.sty    2012/09/19  (rcs-revision 733629cd0c6c)
 amssymb.sty    2013/01/14 v3.01 AMS font symbols
amsfonts.sty    2013/01/14 v3.01 Basic AMSFonts support
beamerbasetranslator.sty    2010/06/11  (rcs-revision 85fd1cc7fc42)
translator.sty    2010/06/12 ver 1.10
translator-language-mappings.tex
beamerbasemisc.sty    2012/02/24  (rcs-revision 2ff5461be705)
beamerbasetwoscreens.sty    2010/05/01  (rcs-revision efa082c6111d)
beamerbaseoverlay.sty    2012/11/11  (rcs-revision 6afbc49b1109)
beamerbasetitle.sty    2010/09/21  (rcs-revision f0446ed0b6ae)
beamerbasesection.sty    2013/01/04  (rcs-revision 54309ceef997)
beamerbaseframe.sty    2012/12/26  (rcs-revision 1443917db2cf)
beamerbaseverbatim.sty    2012/08/30  (rcs-revision dfdb135076b3)
beamerbaseframesize.sty    2011/09/12  (rcs-revision 70f9d8411e54)
beamerbaseframecomponents.sty    2012/09/13  (rcs-revision dcd846607320)
beamerbasecolor.sty    2010/06/06  (rcs-revision d1a9b48be06d)
beamerbasenotes.sty    2012/12/19  (rcs-revision 1686da3db3c9)
beamerbasetoc.sty    2012/10/02  (rcs-revision 5ed0f4010e8a)
beamerbasetemplates.sty    2010/05/01  (rcs-revision efa082c6111d)
beamerbaseauxtemplates.sty    2012/05/01  (rcs-revision 67c48b3b652d)
beamerbaseboxes.sty    2012/05/13  (rcs-revision 56972908a390)
beamerbaselocalstructure.sty    2012/11/13  (rcs-revision ddfba79dac19)
enumerate.sty    1999/03/05 v3.00 enumerate extensions (DPC)
beamerbasenavigation.sty    2012/04/03  (rcs-revision 42a0f21a412d)
beamerbasetheorems.sty    2010/06/06  (rcs-revision 7e7cc5e53e9d)
 amsmath.sty    2013/01/14 v2.14 AMS math features
 amstext.sty    2000/06/29 v2.01
  amsgen.sty    1999/11/30 v2.0
  amsbsy.sty    1999/11/29 v1.2d
  amsopn.sty    1999/12/14 v2.01 operator names
  amsthm.sty    2004/08/06 v2.20
beamerbasethemes.sty    2010/05/01  (rcs-revision efa082c6111d)
beamerthemedefault.sty    2010/06/17  (rcs-revision d02a7cf4d8ae)
beamerfontthemedefault.sty    2012/12/19  (rcs-revision 1686da3db3c9)
beamercolorthemedefault.sty    2012/12/19  (rcs-revision 1686da3db3c9)
beamerinnerthemedefault.sty    2012/05/01  (rcs-revision 67c48b3b652d)
beamerouterthemedefault.sty    2012/12/19  (rcs-revision 1686da3db3c9)
beamerthemeI6dv.sty    
   times.sty    2005/04/12 PSNFSS-v9.2a (SPQR) 
latexsym.sty    1998/08/17 v2.2e Standard LaTeX package (lasy symbols)
 exscale.sty    2007/10/29 v2.1h Standard LaTeX package exscale
booktabs.sty    2005/04/14 v1.61803 publication quality tables
   array.sty    2008/09/09 v2.4c Tabular extension package (FMi)
   babel.sty    2008/07/08 v3.8m The Babel package
 bblopts.cfg    2006/07/31 v1.0 MiKTeX 'babel' configuration
 english.ldf    2005/03/30 v3.3o English support from the babel system
inputenc.sty    2008/03/30 v1.1d Input encoding file
  latin1.def    2008/03/30 v1.1d Input encoding file
beamerposter.sty    2010/11/18 v.1.12 latex-beamer poster extension
 xkeyval.sty    2012/10/14 v2.6b package option processing (HA)
 xkeyval.tex    2012/10/14 v2.6b key=value parser (HA)
 type1cm.sty    2002/09/05 v0.04 BlueSky/Y&Y Type1 CM font definitions (DPC, pa
tched RF)
      fp.sty    1995/04/02
defpattern.sty    1994/10/12
fp-basic.sty    1996/05/13
fp-addons.sty    1995/03/15
 fp-snap.sty    1995/04/05
  fp-exp.sty    1995/04/03
fp-trigo.sty    1995/04/14
  fp-pas.sty    1994/08/29
fp-random.sty    1995/02/23
  fp-eqn.sty    1995/04/03
  fp-upn.sty    1996/10/21
 fp-eval.sty    1995/04/03
  xspace.sty    2009/10/20 v1.13 Space after command names (DPC,MH)
  ot1phv.fd    2001/06/04 scalable font definitions for OT1/phv.
supp-pdf.mkii
 nameref.sty    2012/10/27 v2.43 Cross-referencing by name of section
gettitlestring.sty    2010/12/03 v1.4 Cleanup title references (HO)
dreuw07-interspeech.out
dreuw07-interspeech.out
translator-basic-dictionary-English.dict    
translator-bibliography-dictionary-English.dict    
translator-environment-dictionary-English.dict    
translator-months-dictionary-English.dict    
translator-numbers-dictionary-English.dict    
translator-theorem-dictionary-English.dict    
  ot1pcr.fd    2001/06/04 font definitions for OT1/pcr.
 ***********

Package atveryend Info: Executing hook `AtEndAfterFileList' on input line 403.
Package rerunfilecheck Info: File `dreuw07-interspeech.out' has not changed.
(rerunfilecheck)             Checksum: D41D8CD98F00B204E9800998ECF8427E;0.
Package atveryend Info: Empty hook `AtVeryVeryEnd' on input line 403.
 ) 
Here is how much of TeX's memory you used:
 17046 strings out of 493921
 310713 string characters out of 3147285
 509870 words of memory out of 3000000
 19881 multiletter control sequences out of 15000+200000
 50213 words of font info for 138 fonts, out of 3000000 for 9000
 841 hyphenation exceptions out of 8191
 49i,19n,66p,475b,1430s stack positions out of 5000i,500n,10000p,200000b,50000s
{C:/Program Files/MiKTeX 2.9/fonts/enc/dvips/fontname/8r.enc}<C:/Program File
s/MiKTeX 2.9/fonts/type1/public/amsfonts/symbols/msam10.pfb><C:/Program Files/M
iKTeX 2.9/fonts/type1/urw/courier/ucrr8a.pfb><C:/Program Files/MiKTeX 2.9/fonts
/type1/urw/helvetic/uhvb8a.pfb><C:/Program Files/MiKTeX 2.9/fonts/type1/urw/hel
vetic/uhvr8a.pfb><C:/Program Files/MiKTeX 2.9/fonts/type1/urw/helvetic/uhvro8a.
pfb>
Output written on C:/Users/liam/Desktop/KINECT/kbox/Latex/poster/dreuw07-inters
peech.pdf (1 page, 52631 bytes).
PDF statistics:
 43 PDF objects out of 1000 (max. 8388607)
 4 named destinations out of 1000 (max. 500000)
 43 words of extra memory for PDF output out of 10000 (max. 10000000)

